{"total": {"lines":{"total":66,"covered":63,"skipped":0,"pct":95.45},"statements":{"total":67,"covered":64,"skipped":0,"pct":95.52},"functions":{"total":9,"covered":9,"skipped":0,"pct":100},"branches":{"total":40,"covered":31,"skipped":0,"pct":77.5},"branchesTrue":{"total":0,"covered":0,"skipped":0,"pct":"Unknown"}}
,"C:\\Users\\USER\\Desktop\\Wave 5\\SoroTask\\keeper\\src\\webhookTrigger.js": {"lines":{"total":66,"covered":63,"skipped":0,"pct":95.45},"functions":{"total":9,"covered":9,"skipped":0,"pct":100},"statements":{"total":67,"covered":64,"skipped":0,"pct":95.52},"branches":{"total":40,"covered":31,"skipped":0,"pct":77.5}}
}
