TN:
SF:src/concurrency.js
FN:12,createRateLimiter
FN:22,(anonymous_1)
FN:82,(anonymous_2)
FN:88,(anonymous_3)
FN:89,(anonymous_4)
FN:94,(anonymous_5)
FN:101,(anonymous_6)
FN:113,createConcurrencyLimit
FNF:8
FNH:6
FNDA:31,createRateLimiter
FNDA:115,(anonymous_1)
FNDA:44,(anonymous_2)
FNDA:46,(anonymous_3)
FNDA:46,(anonymous_4)
FNDA:1,(anonymous_5)
FNDA:0,(anonymous_6)
FNDA:0,createConcurrencyLimit
DA:13,31
DA:14,31
DA:15,31
DA:16,31
DA:17,31
DA:19,31
DA:20,31
DA:22,31
DA:23,115
DA:24,39
DA:28,76
DA:29,7
DA:33,69
DA:34,63
DA:36,63
DA:37,12
DA:40,63
DA:41,25
DA:42,3
DA:43,3
DA:44,0
DA:53,25
DA:54,3
DA:58,25
DA:59,25
DA:60,25
DA:61,25
DA:65,44
DA:66,3
DA:67,3
DA:68,0
DA:72,44
DA:73,44
DA:75,44
DA:76,38
DA:79,44
DA:83,44
DA:84,44
DA:88,31
DA:89,46
DA:90,46
DA:91,46
DA:94,31
DA:95,1
DA:96,2
DA:97,2
DA:101,31
DA:107,31
DA:114,0
DA:117,4
LF:50
LH:47
BRDA:12,0,0,0
BRDA:13,1,0,2
BRDA:13,2,0,2
BRDA:13,3,0,4
BRDA:23,4,0,39
BRDA:23,4,1,76
BRDA:28,5,0,7
BRDA:28,5,1,69
BRDA:33,6,0,63
BRDA:33,6,1,6
BRDA:36,7,0,75
BRDA:36,7,1,58
BRDA:40,8,0,25
BRDA:40,8,1,38
BRDA:41,9,0,3
BRDA:41,9,1,22
BRDA:43,10,0,0
BRDA:43,10,1,3
BRDA:53,11,0,3
BRDA:53,11,1,22
BRDA:65,12,0,3
BRDA:65,12,1,41
BRDA:67,13,0,0
BRDA:67,13,1,3
BRDA:75,14,0,38
BRDA:75,14,1,6
BRF:26
BRH:23
end_of_record
TN:
SF:src\logger.js
FN:34,normalizeLogLevel
FN:38,shouldUsePrettyTransport
FN:48,createBaseLogger
FN:60,(anonymous_3)
FN:67,(anonymous_4)
FN:72,(anonymous_5)
FN:104,getBaseLogger
FN:122,createLogger
FN:130,(anonymous_8)
FN:133,(anonymous_9)
FN:136,(anonymous_10)
FN:139,(anonymous_11)
FN:142,(anonymous_12)
FN:145,(anonymous_13)
FN:158,createChildLogger
FN:168,reinitializeLogger
FN:177,getLogLevel
FN:185,setLogLevel
FNF:18
FNH:18
FNDA:28,normalizeLogLevel
FNDA:52,shouldUsePrettyTransport
FNDA:26,createBaseLogger
FNDA:26,(anonymous_3)
FNDA:156,(anonymous_4)
FNDA:88,(anonymous_5)
FNDA:79,getBaseLogger
FNDA:71,createLogger
FNDA:1,(anonymous_8)
FNDA:1,(anonymous_9)
FNDA:52,(anonymous_10)
FNDA:6,(anonymous_11)
FNDA:8,(anonymous_12)
FNDA:1,(anonymous_13)
FNDA:1,createChildLogger
FNDA:2,reinitializeLogger
FNDA:3,getLogLevel
FNDA:1,setLogLevel
DA:14,28
DA:20,28
DA:32,28
DA:35,28
DA:39,52
DA:49,26
DA:61,26
DA:68,156
DA:72,88
DA:80,26
DA:81,1
DA:92,26
DA:93,26
DA:94,26
DA:98,28
DA:105,79
DA:106,24
DA:108,79
DA:123,71
DA:126,71
DA:129,71
DA:131,1
DA:134,1
DA:137,52
DA:140,6
DA:143,8
DA:146,1
DA:159,1
DA:169,2
DA:170,2
DA:178,3
DA:186,1
DA:190,28
LF:33
LH:33
BRDA:35,0,0,4
BRDA:35,0,1,24
BRDA:48,1,0,24
BRDA:80,2,0,1
BRDA:80,2,1,25
BRDA:81,3,0,1
BRDA:81,3,1,1
BRDA:92,4,0,1
BRDA:92,4,1,25
BRDA:93,5,0,1
BRDA:93,5,1,25
BRDA:105,6,0,24
BRDA:105,6,1,55
BRDA:130,7,0,0
BRDA:133,8,0,0
BRDA:136,9,0,10
BRDA:139,10,0,1
BRDA:142,11,0,0
BRDA:145,12,0,0
BRDA:168,13,0,0
BRF:20
BRH:15
end_of_record
TN:
SF:src\poller.js
FN:11,(anonymous_0)
FN:35,(anonymous_1)
FN:69,(anonymous_2)
FN:104,(anonymous_3)
FN:105,(anonymous_4)
FN:118,(anonymous_5)
FN:143,(anonymous_6)
FN:145,(anonymous_7)
FN:146,(anonymous_8)
FN:176,(anonymous_9)
FN:232,(anonymous_10)
FN:287,(anonymous_11)
FN:315,(anonymous_12)
FN:363,(anonymous_13)
FN:382,(anonymous_14)
FN:411,(anonymous_15)
FN:415,(anonymous_16)
FNF:17
FNH:15
FNDA:27,(anonymous_0)
FNDA:0,(anonymous_1)
FNDA:15,(anonymous_2)
FNDA:24,(anonymous_3)
FNDA:24,(anonymous_4)
FNDA:24,(anonymous_5)
FNDA:21,(anonymous_6)
FNDA:11,(anonymous_7)
FNDA:2,(anonymous_8)
FNDA:18,(anonymous_9)
FNDA:12,(anonymous_10)
FNDA:12,(anonymous_11)
FNDA:30,(anonymous_12)
FNDA:12,(anonymous_13)
FNDA:0,(anonymous_14)
FNDA:1,(anonymous_15)
FNDA:2,(anonymous_16)
DA:1,2
DA:2,2
DA:3,2
DA:12,27
DA:13,27
DA:16,27
DA:17,27
DA:20,27
DA:24,27
DA:30,27
DA:36,0
DA:37,0
DA:43,27
DA:51,27
DA:70,15
DA:71,15
DA:72,15
DA:73,15
DA:74,15
DA:75,15
DA:77,15
DA:78,15
DA:80,15
DA:81,3
DA:82,3
DA:91,3
DA:94,12
DA:96,12
DA:97,12
DA:101,12
DA:104,12
DA:105,24
DA:106,24
DA:107,24
DA:108,21
DA:109,21
DA:113,12
DA:116,12
DA:118,12
DA:119,24
DA:120,21
DA:122,21
DA:123,13
DA:124,13
DA:125,8
DA:126,2
DA:129,21
DA:130,11
DA:133,21
DA:134,3
DA:135,3
DA:136,3
DA:140,12
DA:142,12
DA:143,21
DA:145,12
DA:146,12
DA:148,12
DA:158,12
DA:160,12
DA:163,0
DA:164,0
DA:165,0
DA:177,18
DA:179,18
DA:181,16
DA:182,1
DA:183,1
DA:187,15
DA:188,0
DA:192,15
DA:193,3
DA:194,3
DA:198,12
DA:199,12
DA:201,12
DA:202,10
DA:211,12
DA:220,2
DA:221,2
DA:233,12
DA:234,12
DA:237,12
DA:243,12
DA:248,12
DA:256,11
DA:258,10
DA:259,0
DA:262,10
DA:264,10
DA:265,0
DA:269,10
DA:270,10
DA:274,2
DA:275,0
DA:277,2
DA:288,12
DA:290,12
DA:291,1
DA:295,11
DA:296,11
DA:297,11
DA:298,11
DA:299,1
DA:302,10
DA:306,10
DA:307,0
DA:308,0
DA:311,10
DA:312,10
DA:315,10
DA:316,30
DA:317,30
DA:319,30
DA:321,10
DA:322,10
DA:324,10
DA:325,10
DA:327,10
DA:328,10
DA:330,0
DA:331,0
DA:333,0
DA:334,0
DA:336,0
DA:337,0
DA:339,0
DA:340,0
DA:342,0
DA:343,0
DA:345,0
DA:346,0
DA:350,10
DA:353,0
DA:354,0
DA:364,12
DA:383,0
DA:384,0
DA:387,0
DA:388,0
DA:390,0
DA:391,0
DA:399,0
DA:401,0
DA:402,0
DA:412,1
DA:416,2
DA:420,2
LF:148
LH:114
BRDA:11,0,0,1
BRDA:16,1,0,27
BRDA:16,1,1,21
BRDA:21,2,0,27
BRDA:21,2,1,5
BRDA:21,2,2,5
BRDA:25,3,0,27
BRDA:25,3,1,27
BRDA:25,3,2,27
BRDA:36,4,0,0
BRDA:36,4,1,0
BRDA:69,5,0,15
BRDA:80,6,0,3
BRDA:80,6,1,12
BRDA:80,7,0,15
BRDA:80,7,1,14
BRDA:119,8,0,21
BRDA:119,8,1,3
BRDA:119,9,0,24
BRDA:119,9,1,21
BRDA:122,10,0,13
BRDA:122,10,1,8
BRDA:125,11,0,2
BRDA:125,11,1,6
BRDA:129,12,0,11
BRDA:129,12,1,10
BRDA:134,13,0,3
BRDA:134,13,1,0
BRDA:136,14,0,3
BRDA:136,14,1,0
BRDA:142,15,0,11
BRDA:142,15,1,1
BRDA:152,16,0,2
BRDA:152,16,1,10
BRDA:181,17,0,1
BRDA:181,17,1,15
BRDA:187,18,0,0
BRDA:187,18,1,15
BRDA:188,19,0,0
BRDA:188,19,1,0
BRDA:192,20,0,3
BRDA:192,20,1,12
BRDA:201,21,0,10
BRDA:201,21,1,2
BRDA:214,22,0,12
BRDA:214,22,1,0
BRDA:250,23,0,12
BRDA:250,23,1,12
BRDA:258,24,0,0
BRDA:258,24,1,10
BRDA:258,25,0,10
BRDA:258,25,1,10
BRDA:264,26,0,0
BRDA:264,26,1,10
BRDA:274,27,0,0
BRDA:274,27,1,2
BRDA:274,28,0,2
BRDA:274,28,1,2
BRDA:290,29,0,1
BRDA:290,29,1,11
BRDA:296,30,0,11
BRDA:296,30,1,0
BRDA:298,31,0,1
BRDA:298,31,1,10
BRDA:306,32,0,0
BRDA:306,32,1,10
BRDA:319,33,0,10
BRDA:319,33,1,10
BRDA:319,33,2,10
BRDA:319,33,3,0
BRDA:319,33,4,0
BRDA:319,33,5,0
BRDA:319,33,6,0
BRDA:319,33,7,0
BRDA:319,33,8,0
BRDA:383,34,0,0
BRDA:383,34,1,0
BRDA:390,35,0,0
BRDA:390,35,1,0
BRDA:390,36,0,0
BRDA:390,36,1,0
BRF:81
BRH:56
end_of_record
TN:
SF:src/queue.js
FN:5,(anonymous_0)
FN:25,(anonymous_1)
FN:46,(anonymous_2)
FN:47,(anonymous_3)
FN:58,(anonymous_4)
FN:59,(anonymous_5)
FN:190,(anonymous_6)
FN:199,(anonymous_7)
FN:200,(anonymous_8)
FN:261,(anonymous_9)
FN:270,(anonymous_10)
FN:277,(anonymous_11)
FN:284,(anonymous_12)
FNF:13
FNH:1
FNDA:46,(anonymous_0)
FNDA:0,(anonymous_1)
FNDA:0,(anonymous_2)
FNDA:0,(anonymous_3)
FNDA:0,(anonymous_4)
FNDA:0,(anonymous_5)
FNDA:0,(anonymous_6)
FNDA:0,(anonymous_7)
FNDA:0,(anonymous_8)
FNDA:0,(anonymous_9)
FNDA:0,(anonymous_10)
FNDA:0,(anonymous_11)
FNDA:0,(anonymous_12)
DA:1,2
DA:2,2
DA:6,46
DA:8,46
DA:10,0
DA:15,0
DA:20,0
DA:26,0
DA:27,0
DA:31,0
DA:32,0
DA:34,0
DA:35,0
DA:36,0
DA:37,0
DA:39,0
DA:40,0
DA:43,0
DA:47,0
DA:49,0
DA:52,0
DA:53,0
DA:56,0
DA:58,0
DA:59,0
DA:60,0
DA:62,0
DA:63,0
DA:64,0
DA:65,0
DA:66,0
DA:68,0
DA:72,0
DA:74,0
DA:77,0
DA:78,0
DA:80,0
DA:81,0
DA:83,0
DA:86,0
DA:87,0
DA:90,0
DA:91,0
DA:92,0
DA:93,0
DA:94,0
DA:96,0
DA:98,0
DA:101,0
DA:103,0
DA:104,0
DA:106,0
DA:107,0
DA:111,0
DA:113,0
DA:114,0
DA:117,0
DA:118,0
DA:119,0
DA:121,0
DA:128,0
DA:129,0
DA:131,0
DA:132,0
DA:137,0
DA:140,0
DA:141,0
DA:142,0
DA:143,0
DA:144,0
DA:148,0
DA:151,0
DA:156,0
DA:158,0
DA:159,0
DA:163,0
DA:164,0
DA:165,0
DA:168,0
DA:175,0
DA:176,0
DA:177,0
DA:180,0
DA:191,0
DA:192,0
DA:195,0
DA:197,0
DA:199,0
DA:200,0
DA:201,0
DA:202,0
DA:203,0
DA:205,0
DA:207,0
DA:208,0
DA:209,0
DA:212,0
DA:214,0
DA:215,0
DA:216,0
DA:218,0
DA:220,0
DA:223,0
DA:225,0
DA:226,0
DA:229,0
DA:231,0
DA:236,0
DA:238,0
DA:239,0
DA:243,0
DA:244,0
DA:245,0
DA:248,0
DA:255,0
DA:256,0
DA:257,0
DA:262,0
DA:263,0
DA:265,0
DA:266,0
DA:269,0
DA:270,0
DA:278,0
DA:285,0
DA:289,2
LF:126
LH:5
BRDA:5,0,0,3
BRDA:8,1,0,46
BRDA:8,1,1,46
BRDA:11,2,0,0
BRDA:11,2,1,0
BRDA:11,2,2,0
BRDA:16,3,0,0
BRDA:16,3,1,0
BRDA:16,3,2,0
BRDA:26,4,0,0
BRDA:26,4,1,0
BRDA:32,5,0,0
BRDA:32,5,1,0
BRDA:52,6,0,0
BRDA:52,6,1,0
BRDA:62,7,0,0
BRDA:62,7,1,0
BRDA:64,8,0,0
BRDA:64,8,1,0
BRDA:65,9,0,0
BRDA:65,9,1,0
BRDA:80,10,0,0
BRDA:80,10,1,0
BRDA:90,11,0,0
BRDA:90,11,1,0
BRDA:93,12,0,0
BRDA:93,12,1,0
BRDA:103,13,0,0
BRDA:103,13,1,0
BRDA:106,14,0,0
BRDA:106,14,1,0
BRDA:119,15,0,0
BRDA:119,15,1,0
BRDA:128,16,0,0
BRDA:128,16,1,0
BRDA:131,17,0,0
BRDA:131,17,1,0
BRDA:134,18,0,0
BRDA:134,18,1,0
BRDA:141,19,0,0
BRDA:141,19,1,0
BRDA:143,20,0,0
BRDA:143,20,1,0
BRDA:164,21,0,0
BRDA:164,21,1,0
BRDA:191,22,0,0
BRDA:191,22,1,0
BRDA:214,23,0,0
BRDA:214,23,1,0
BRDA:225,24,0,0
BRDA:225,24,1,0
BRDA:244,25,0,0
BRDA:244,25,1,0
BRDA:265,26,0,0
BRDA:265,26,1,0
BRF:55
BRH:3
end_of_record
TN:
SF:src/registry.js
FN:10,(anonymous_0)
FN:25,(anonymous_1)
FN:35,(anonymous_2)
FN:43,(anonymous_3)
FN:44,(anonymous_4)
FN:51,(anonymous_5)
FN:52,(anonymous_6)
FN:60,(anonymous_7)
FN:72,(anonymous_8)
FN:150,(anonymous_9)
FN:158,(anonymous_10)
FN:174,(anonymous_11)
FN:180,(anonymous_12)
FN:185,(anonymous_13)
FN:188,(anonymous_14)
FN:202,(anonymous_15)
FN:205,(anonymous_16)
FNF:17
FNH:14
FNDA:15,(anonymous_0)
FNDA:14,(anonymous_1)
FNDA:2,(anonymous_2)
FNDA:16,(anonymous_3)
FNDA:11,(anonymous_4)
FNDA:0,(anonymous_5)
FNDA:0,(anonymous_6)
FNDA:18,(anonymous_7)
FNDA:16,(anonymous_8)
FNDA:19,(anonymous_9)
FNDA:38,(anonymous_10)
FNDA:15,(anonymous_11)
FNDA:15,(anonymous_12)
FNDA:2,(anonymous_13)
FNDA:0,(anonymous_14)
FNDA:14,(anonymous_15)
FNDA:9,(anonymous_16)
DA:1,2
DA:2,2
DA:3,2
DA:4,2
DA:6,2
DA:7,2
DA:11,15
DA:12,15
DA:13,15
DA:14,15
DA:15,15
DA:16,15
DA:17,15
DA:18,15
DA:26,14
DA:27,14
DA:28,14
DA:36,2
DA:44,16
DA:52,0
DA:61,18
DA:62,18
DA:65,18
DA:66,0
DA:73,16
DA:75,16
DA:76,1
DA:78,1
DA:81,16
DA:84,16
DA:85,16
DA:87,16
DA:88,16
DA:102,16
DA:103,0
DA:104,0
DA:107,16
DA:109,14
DA:110,3
DA:111,3
DA:114,11
DA:115,19
DA:116,19
DA:117,19
DA:118,18
DA:119,18
DA:120,18
DA:123,0
DA:127,19
DA:128,19
DA:133,11
DA:134,11
DA:136,0
DA:140,14
DA:143,2
DA:151,19
DA:153,19
DA:154,0
DA:158,38
DA:161,19
DA:163,0
DA:164,0
DA:167,19
DA:171,19
DA:175,15
DA:176,14
DA:181,15
DA:182,15
DA:183,1
DA:184,1
DA:185,2
DA:187,1
DA:188,0
DA:189,0
DA:192,1
DA:193,1
DA:195,1
DA:198,0
DA:203,14
DA:204,14
DA:205,9
DA:210,14
DA:212,0
DA:217,2
LF:84
LH:71
BRDA:10,0,0,2
BRDA:15,1,0,15
BRDA:15,1,1,2
BRDA:16,2,0,15
BRDA:16,2,1,8
BRDA:61,3,0,18
BRDA:61,3,1,18
BRDA:65,4,0,0
BRDA:65,4,1,18
BRDA:75,5,0,1
BRDA:75,5,1,15
BRDA:89,6,0,0
BRDA:89,6,1,16
BRDA:102,7,0,0
BRDA:102,7,1,16
BRDA:109,8,0,3
BRDA:109,8,1,11
BRDA:109,9,0,14
BRDA:109,9,1,14
BRDA:109,9,2,14
BRDA:117,10,0,18
BRDA:117,10,1,1
BRDA:117,11,0,19
BRDA:117,11,1,19
BRDA:127,12,0,19
BRDA:127,12,1,0
BRDA:127,13,0,19
BRDA:127,13,1,19
BRDA:133,14,0,11
BRDA:133,14,1,0
BRDA:136,15,0,0
BRDA:136,15,1,0
BRDA:153,16,0,0
BRDA:153,16,1,19
BRDA:153,17,0,19
BRDA:153,17,1,19
BRDA:161,18,0,0
BRDA:161,18,1,19
BRDA:163,19,0,0
BRDA:163,19,1,0
BRDA:171,20,0,19
BRDA:171,20,1,0
BRDA:175,21,0,14
BRDA:175,21,1,1
BRDA:182,22,0,1
BRDA:182,22,1,14
BRDA:184,23,0,1
BRDA:184,23,1,0
BRDA:187,24,0,0
BRDA:187,24,1,1
BRDA:192,25,0,1
BRDA:192,25,1,0
BRDA:192,26,0,1
BRDA:192,26,1,1
BRF:54
BRH:39
end_of_record
TN:
SF:src/retry.js
FN:65,extractErrorCode
FN:103,classifyError
FN:115,(anonymous_2)
FN:127,(anonymous_3)
FN:137,(anonymous_4)
FN:165,calculateDelay
FN:177,sleep
FN:178,(anonymous_7)
FN:198,withRetry
FN:308,retry
FN:313,(anonymous_10)
FN:320,isRetryableError
FN:328,isDuplicateTransactionError
FNF:13
FNH:13
FNDA:112,extractErrorCode
FNDA:68,classifyError
FNDA:190,(anonymous_2)
FNDA:742,(anonymous_3)
FNDA:138,(anonymous_4)
FNDA:27,calculateDelay
FNDA:27,sleep
FNDA:27,(anonymous_7)
FNDA:24,withRetry
FNDA:2,retry
FNDA:2,(anonymous_10)
FNDA:7,isRetryableError
FNDA:4,isDuplicateTransactionError
DA:4,4
DA:14,4
DA:34,4
DA:54,4
DA:66,112
DA:68,111
DA:69,19
DA:72,92
DA:73,2
DA:76,90
DA:77,2
DA:80,88
DA:81,2
DA:84,2
DA:90,2
DA:91,8
DA:95,87
DA:104,68
DA:106,67
DA:108,67
DA:109,67
DA:113,67
DA:116,190
DA:122,6
DA:125,61
DA:128,742
DA:132,10
DA:135,51
DA:138,138
DA:142,46
DA:145,5
DA:152,3
DA:155,2
DA:166,27
DA:167,27
DA:168,27
DA:169,27
DA:178,27
DA:181,4
DA:199,24
DA:201,24
DA:203,24
DA:204,51
DA:205,51
DA:206,12
DA:213,39
DA:214,39
DA:215,39
DA:221,39
DA:222,3
DA:223,1
DA:225,3
DA:235,36
DA:236,4
DA:247,32
DA:251,1
DA:262,31
DA:263,4
DA:264,1
DA:266,4
DA:277,27
DA:278,27
DA:279,9
DA:281,27
DA:282,27
DA:286,0
DA:309,2
DA:313,2
DA:321,7
DA:329,4
DA:332,4
LF:71
LH:70
BRDA:66,0,0,1
BRDA:66,0,1,111
BRDA:68,1,0,19
BRDA:68,1,1,92
BRDA:68,2,0,111
BRDA:68,2,1,19
BRDA:72,3,0,2
BRDA:72,3,1,90
BRDA:72,4,0,92
BRDA:72,4,1,2
BRDA:76,5,0,2
BRDA:76,5,1,88
BRDA:76,6,0,90
BRDA:76,6,1,2
BRDA:80,7,0,2
BRDA:80,7,1,86
BRDA:81,8,0,2
BRDA:81,8,1,0
BRDA:91,9,0,1
BRDA:91,9,1,7
BRDA:104,10,0,1
BRDA:104,10,1,67
BRDA:108,11,0,19
BRDA:108,11,1,48
BRDA:110,12,0,67
BRDA:110,12,1,3
BRDA:110,12,2,3
BRDA:110,12,3,3
BRDA:113,13,0,6
BRDA:113,13,1,61
BRDA:116,14,0,190
BRDA:116,14,1,189
BRDA:116,14,2,185
BRDA:116,14,3,185
BRDA:125,15,0,10
BRDA:125,15,1,51
BRDA:128,16,0,742
BRDA:128,16,1,739
BRDA:135,17,0,46
BRDA:135,17,1,5
BRDA:138,18,0,138
BRDA:138,18,1,124
BRDA:145,19,0,3
BRDA:145,19,1,2
BRDA:146,20,0,5
BRDA:146,20,1,5
BRDA:146,20,2,4
BRDA:146,20,3,4
BRDA:146,20,4,3
BRDA:182,21,0,4
BRDA:182,21,1,3
BRDA:183,22,0,4
BRDA:183,22,1,4
BRDA:184,23,0,4
BRDA:184,23,1,4
BRDA:198,24,0,0
BRDA:218,25,0,0
BRDA:218,25,1,0
BRDA:221,26,0,0
BRDA:221,26,1,0
BRDA:222,27,0,0
BRDA:222,27,1,0
BRDA:235,28,0,0
BRDA:235,28,1,0
BRDA:247,29,0,0
BRDA:247,29,1,0
BRDA:248,30,0,0
BRDA:248,30,1,0
BRDA:262,31,0,0
BRDA:262,31,1,0
BRDA:263,32,0,0
BRDA:263,32,1,0
BRDA:278,33,0,0
BRDA:278,33,1,0
BRDA:296,34,0,0
BRDA:296,34,1,0
BRDA:308,35,0,0
BRDA:308,36,0,0
BRF:78
BRH:0
end_of_record
